<?xml version="1.0" encoding="UTF-8"?>
<!-- Generated by org.testng.reporters.JUnitXMLReporter -->
<testsuite hostname="DESKTOP-M4HP65I" ignored="0" name="Test" tests="1" failures="1" timestamp="2023-11-26T09:53:11 IST" time="0.077" errors="0">
  <testcase name="funA" time="0.021" classname="testNGDemo.SoftAssertionDemo1">
    <failure type="java.lang.AssertionError" message="The following asserts failed:
	expected [java] but found [selenium],
	expected [true] but found [false],
	expected [false] but found [true]">
      <![CDATA[java.lang.AssertionError: The following asserts failed:
expected [java] but found [selenium],
expected [true] but found [false],
expected [false] but found [true]
at testNGDemo.SoftAssertionDemo1.funA(SoftAssertionDemo1.java:41)
at java.util.ArrayList.forEach(ArrayList.java:1259)
... Removed 29 stack frames]]>
    </failure>
  </testcase> <!-- funA -->
</testsuite> <!-- Test -->
